[35m[Appium][39m Welcome to Appium v1.22.3
[35m[Appium][39m Non-default server args:
[35m[Appium][39m   port: 56619
[35m[Appium][39m   loglevel: info
[35m[Appium][39m   tmpDir: C:\Users\david\AppData\Local\Temp\\Katalon\Appium\Temp1665855906394
[35m[Appium][39m   chromedriverPort: 56622
[35m[Appium][39m Deprecated server args:
[35m[Appium][39m   [31m--chromedriver-port[39m => --default-capabilities
[35m[Appium][39m Default capabilities, which will be added to each request unless overridden by desired capabilities:
[35m[Appium][39m   chromedriverPort: 56622
[35m[Appium][39m Appium REST http interface listener started on 0.0.0.0:56619
[35m[HTTP][39m [37m-->[39m [37mGET[39m [37m/wd/hub/status[39m
[35m[HTTP][39m [90m{}[39m
[35m[HTTP][39m [37m<-- GET /wd/hub/status [39m[32m200[39m [90m7 ms - 68[39m
[35m[HTTP][39m [90m[39m
[35m[HTTP][39m [37m-->[39m [37mGET[39m [37m/wd/hub/status[39m
[35m[HTTP][39m [90m{}[39m
[35m[HTTP][39m [37m<-- GET /wd/hub/status [39m[32m200[39m [90m2 ms - 68[39m
[35m[HTTP][39m [90m[39m
[35m[HTTP][39m [37m-->[39m [37mPOST[39m [37m/wd/hub/session[39m
[35m[HTTP][39m [90m{"desiredCapabilities":{"appActivity":".Settings","appPackage":"com.android.settings","newCommandTimeout":1800,"platformVersion":"10","automationName":"uiautomator2","autoGrantPermissions":true,"platformName":"Android","udid":"ZY226VM4JG","deviceName":"motorola motorola one zoom (Android 10)","platform":"ANDROID","systemPort":8284},"capabilities":{"firstMatch":[{"appium:appActivity":".Settings","appium:appPackage":"com.android.settings","appium:autoGrantPermissions":true,"appium:automationName":"uiautomator2","appium:deviceName":"motorola motorola one zoom (Android 10)","appium:newCommandTimeout":1800,"platform":"ANDROID","platformName":"android","appium:platformVersion":"10","appium:systemPort":8284,"appium:udid":"ZY226VM4JG"}]}}[39m
[35m[BaseDriver][39m The following capabilities are not standard capabilities and should have an extension prefix:
[35m[BaseDriver][39m   platform
[35m[BaseDriver][39m   chromedriverPort
[35m[Appium][39m Appium v1.22.3 creating new AndroidUiautomator2Driver (v1.70.1) session
[35m[BaseDriver][39m The following capabilities were provided, but are not recognized by Appium:
[35m[BaseDriver][39m   platform
[35m[BaseDriver][39m Session created with session id: 34cc19a3-54e1-4c7a-bedb-3644728bd0fe
[35m[UiAutomator2][39m Starting 'com.android.settings' directly on the device
[35m[ADB][39m Found 1 'build-tools' folders under 'C:\ambiente\Android\sdk' (newest first):
[35m[ADB][39m     C:/ambiente/Android/sdk/build-tools/33.0.0
[35m[ADB][39m Using 'adb.exe' from 'C:\ambiente\Android\sdk\platform-tools\adb.exe'
[35m[AndroidDriver][39m Retrieving device list
[35m[AndroidDriver][39m Using device: ZY226VM4JG
[35m[ADB][39m Using 'adb.exe' from 'C:\ambiente\Android\sdk\platform-tools\adb.exe'
[35m[ADB][39m Getting device platform version
[35m[UiAutomator2][39m Relaxing hidden api policy
[35m[AndroidDriver][39m No app sent in, not parsing package/activity
[35m[ADB][39m Using 'apksigner.jar' from 'C:\ambiente\Android\sdk\build-tools\33.0.0\lib\apksigner.jar'
[35m[ADB][39m 'C:\Users\david\AppData\Roaming\npm\node_modules\appium\node_modules\appium-uiautomator2-server\apks\appium-uiautomator2-server-v4.27.0.apk' is signed with the default certificate
[35m[ADB][39m 'C:\Users\david\AppData\Roaming\npm\node_modules\appium\node_modules\appium-uiautomator2-server\apks\appium-uiautomator2-server-debug-androidTest.apk' is signed with the default certificate
[35m[UiAutomator2][39m Server packages are not going to be (re)installed
[35m[ADB][39m Adding packages ["io.appium.settings","io.appium.uiautomator2.server","io.appium.uiautomator2.server.test"] to Doze whitelist
[35m[UiAutomator2][39m Starting UIAutomator2 server 4.27.0
[35m[UiAutomator2][39m Using UIAutomator2 server from 'C:\Users\david\AppData\Roaming\npm\node_modules\appium\node_modules\appium-uiautomator2-server\apks\appium-uiautomator2-server-v4.27.0.apk' and test from 'C:\Users\david\AppData\Roaming\npm\node_modules\appium\node_modules\appium-uiautomator2-server\apks\appium-uiautomator2-server-debug-androidTest.apk'
[35m[UiAutomator2][39m Waiting up to 30000ms for UiAutomator2 to be online...
[35m[WD Proxy][39m socket hang up
[35m[WD Proxy][39m socket hang up
[35m[WD Proxy][39m socket hang up
[35m[WD Proxy][39m socket hang up
[35m[WD Proxy][39m Determined the downstream protocol as 'W3C'
[35m[AndroidDriver][39m Screen already unlocked, doing nothing
[35m[UiAutomator2][39m Starting 'com.android.settings/.Settings and waiting for 'com.android.settings/.Settings'
[35m[Appium][39m New AndroidUiautomator2Driver session created successfully, session 34cc19a3-54e1-4c7a-bedb-3644728bd0fe added to master session list
[35m[HTTP][39m [37m<-- POST /wd/hub/session [39m[32m200[39m [90m10234 ms - 1174[39m
[35m[HTTP][39m [90m[39m
[35m[HTTP][39m [37m-->[39m [37mGET[39m [37m/wd/hub/session/34cc19a3-54e1-4c7a-bedb-3644728bd0fe[39m
[35m[HTTP][39m [90m{}[39m
[35m[HTTP][39m [37m<-- GET /wd/hub/session/34cc19a3-54e1-4c7a-bedb-3644728bd0fe [39m[32m200[39m [90m10 ms - 1128[39m
[35m[HTTP][39m [90m[39m
[35m[HTTP][39m [37m-->[39m [37mGET[39m [37m/wd/hub/session/34cc19a3-54e1-4c7a-bedb-3644728bd0fe[39m
[35m[HTTP][39m [90m{}[39m
[35m[HTTP][39m [37m<-- GET /wd/hub/session/34cc19a3-54e1-4c7a-bedb-3644728bd0fe [39m[32m200[39m [90m29 ms - 1128[39m
[35m[HTTP][39m [90m[39m
[35m[HTTP][39m [37m-->[39m [37mGET[39m [37m/wd/hub/status[39m
[35m[HTTP][39m [90m{}[39m
[35m[HTTP][39m [37m<-- GET /wd/hub/status [39m[32m200[39m [90m1 ms - 68[39m
[35m[HTTP][39m [90m[39m
[35m[HTTP][39m [37m-->[39m [37mPOST[39m [37m/wd/hub/session/34cc19a3-54e1-4c7a-bedb-3644728bd0fe/timeouts[39m
[35m[HTTP][39m [90m{"implicit":60000}[39m
[35m[HTTP][39m [37m<-- POST /wd/hub/session/34cc19a3-54e1-4c7a-bedb-3644728bd0fe/timeouts [39m[32m200[39m [90m3 ms - 14[39m
[35m[HTTP][39m [90m[39m
[35m[HTTP][39m [37m-->[39m [37mGET[39m [37m/wd/hub/session/34cc19a3-54e1-4c7a-bedb-3644728bd0fe/screenshot[39m
[35m[HTTP][39m [90m{}[39m
[35m[HTTP][39m [37m<-- GET /wd/hub/session/34cc19a3-54e1-4c7a-bedb-3644728bd0fe/screenshot [39m[32m200[39m [90m881 ms - 51108[39m
[35m[HTTP][39m [90m[39m
[35m[HTTP][39m [37m-->[39m [37mGET[39m [37m/wd/hub/session/34cc19a3-54e1-4c7a-bedb-3644728bd0fe/window/rect[39m
[35m[HTTP][39m [90m{}[39m
[35m[HTTP][39m [37m<-- GET /wd/hub/session/34cc19a3-54e1-4c7a-bedb-3644728bd0fe/window/rect [39m[32m200[39m [90m24 ms - 50[39m
[35m[HTTP][39m [90m[39m
[35m[HTTP][39m [37m-->[39m [37mGET[39m [37m/wd/hub/session/34cc19a3-54e1-4c7a-bedb-3644728bd0fe/appium/device/system_bars[39m
[35m[HTTP][39m [90m{}[39m
[35m[HTTP][39m [37m<-- GET /wd/hub/session/34cc19a3-54e1-4c7a-bedb-3644728bd0fe/appium/device/system_bars [39m[32m200[39m [90m144 ms - 148[39m
[35m[HTTP][39m [90m[39m
[35m[HTTP][39m [37m-->[39m [37mPOST[39m [37m/wd/hub/session/34cc19a3-54e1-4c7a-bedb-3644728bd0fe/appium/device/activate_app[39m
[35m[HTTP][39m [90m{"bundleId":"com.mate_app"}[39m
[35m[HTTP][39m [37m<-- POST /wd/hub/session/34cc19a3-54e1-4c7a-bedb-3644728bd0fe/appium/device/activate_app [39m[32m200[39m [90m889 ms - 14[39m
[35m[HTTP][39m [90m[39m
[35m[HTTP][39m [37m-->[39m [37mGET[39m [37m/wd/hub/session/34cc19a3-54e1-4c7a-bedb-3644728bd0fe/source[39m
[35m[HTTP][39m [90m{}[39m
[35m[W3C (34cc19a3)][39m Driver proxy active, passing request on via HTTP proxy
[35m[WD Proxy][39m Replacing sessionId bc3bb680-b4d1-4e55-a695-a2b7a701c24e with 34cc19a3-54e1-4c7a-bedb-3644728bd0fe
[35m[HTTP][39m [37m<-- GET /wd/hub/session/34cc19a3-54e1-4c7a-bedb-3644728bd0fe/source [39m[32m200[39m [90m956 ms - 12221[39m
[35m[HTTP][39m [90m[39m
[35m[HTTP][39m [37m-->[39m [37mGET[39m [37m/wd/hub/session/34cc19a3-54e1-4c7a-bedb-3644728bd0fe/screenshot[39m
[35m[HTTP][39m [90m{}[39m
[35m[HTTP][39m [37m<-- GET /wd/hub/session/34cc19a3-54e1-4c7a-bedb-3644728bd0fe/screenshot [39m[32m200[39m [90m440 ms - 157430[39m
[35m[HTTP][39m [90m[39m
[35m[HTTP][39m [37m-->[39m [37mGET[39m [37m/wd/hub/session/34cc19a3-54e1-4c7a-bedb-3644728bd0fe/source[39m
[35m[HTTP][39m [90m{}[39m
[35m[W3C (34cc19a3)][39m Driver proxy active, passing request on via HTTP proxy
[35m[WD Proxy][39m Replacing sessionId bc3bb680-b4d1-4e55-a695-a2b7a701c24e with 34cc19a3-54e1-4c7a-bedb-3644728bd0fe
[35m[HTTP][39m [37m<-- GET /wd/hub/session/34cc19a3-54e1-4c7a-bedb-3644728bd0fe/source [39m[32m200[39m [90m731 ms - 51582[39m
[35m[HTTP][39m [90m[39m
[35m[HTTP][39m [37m-->[39m [37mGET[39m [37m/wd/hub/session/34cc19a3-54e1-4c7a-bedb-3644728bd0fe/screenshot[39m
[35m[HTTP][39m [90m{}[39m
[35m[HTTP][39m [37m<-- GET /wd/hub/session/34cc19a3-54e1-4c7a-bedb-3644728bd0fe/screenshot [39m[32m200[39m [90m624 ms - 443870[39m
[35m[HTTP][39m [90m[39m
[35m[HTTP][39m [37m-->[39m [37mPOST[39m [37m/wd/hub/session/34cc19a3-54e1-4c7a-bedb-3644728bd0fe/elements[39m
[35m[HTTP][39m [90m{"using":"xpath","value":"//*[@class = 'android.widget.TextView' and (@text = 'TotalplayMX' or . = 'TotalplayMX') and @resource-id = 'com.google.android.apps.messaging:id/conversation_name']"}[39m
[35m[HTTP][39m [37m<-- POST /wd/hub/session/34cc19a3-54e1-4c7a-bedb-3644728bd0fe/elements [39m[32m200[39m [90m747 ms - 139[39m
[35m[HTTP][39m [90m[39m
[35m[HTTP][39m [37m-->[39m [37mGET[39m [37m/wd/hub/session/34cc19a3-54e1-4c7a-bedb-3644728bd0fe/source[39m
[35m[HTTP][39m [90m{}[39m
[35m[W3C (34cc19a3)][39m Driver proxy active, passing request on via HTTP proxy
[35m[WD Proxy][39m Replacing sessionId bc3bb680-b4d1-4e55-a695-a2b7a701c24e with 34cc19a3-54e1-4c7a-bedb-3644728bd0fe
[35m[HTTP][39m [37m<-- GET /wd/hub/session/34cc19a3-54e1-4c7a-bedb-3644728bd0fe/source [39m[32m200[39m [90m211 ms - 32094[39m
[35m[HTTP][39m [90m[39m
[35m[HTTP][39m [37m-->[39m [37mGET[39m [37m/wd/hub/session/34cc19a3-54e1-4c7a-bedb-3644728bd0fe/screenshot[39m
[35m[HTTP][39m [90m{}[39m
[35m[HTTP][39m [37m<-- GET /wd/hub/session/34cc19a3-54e1-4c7a-bedb-3644728bd0fe/screenshot [39m[32m200[39m [90m460 ms - 381212[39m
[35m[HTTP][39m [90m[39m
[35m[HTTP][39m [37m-->[39m [37mGET[39m [37m/wd/hub/session/34cc19a3-54e1-4c7a-bedb-3644728bd0fe/source[39m
[35m[HTTP][39m [90m{}[39m
[35m[W3C (34cc19a3)][39m Driver proxy active, passing request on via HTTP proxy
[35m[WD Proxy][39m Replacing sessionId bc3bb680-b4d1-4e55-a695-a2b7a701c24e with 34cc19a3-54e1-4c7a-bedb-3644728bd0fe
[35m[HTTP][39m [37m<-- GET /wd/hub/session/34cc19a3-54e1-4c7a-bedb-3644728bd0fe/source [39m[32m200[39m [90m607 ms - 51626[39m
[35m[HTTP][39m [90m[39m
[35m[HTTP][39m [37m-->[39m [37mGET[39m [37m/wd/hub/session/34cc19a3-54e1-4c7a-bedb-3644728bd0fe/screenshot[39m
[35m[HTTP][39m [90m{}[39m
[35m[HTTP][39m [37m<-- GET /wd/hub/session/34cc19a3-54e1-4c7a-bedb-3644728bd0fe/screenshot [39m[32m200[39m [90m714 ms - 433758[39m
[35m[HTTP][39m [90m[39m
[35m[HTTP][39m [37m-->[39m [37mDELETE[39m [37m/wd/hub/session/34cc19a3-54e1-4c7a-bedb-3644728bd0fe[39m
[35m[HTTP][39m [90m{}[39m
[35m[Appium][39m Removing session 34cc19a3-54e1-4c7a-bedb-3644728bd0fe from our master session list
[35m[UiAutomator2][39m Restoring hidden api policy to the device default configuration
[35m[HTTP][39m [37m<-- DELETE /wd/hub/session/34cc19a3-54e1-4c7a-bedb-3644728bd0fe [39m[32m200[39m [90m572 ms - 14[39m
[35m[HTTP][39m [90m[39m
